This is pdfTeX, Version 3.1415926-2.4-1.40.13 (MiKTeX 2.9 64-bit) (preloaded format=latex 2013.3.4)  23 MAR 2013 22:32
entering extended mode
**RankingSystemReport.tex
(E:\SHProject\SHProject\Report\RankingSystemReport.tex
LaTeX2e <2011/06/27>
Babel <v3.8m> and hyphenation patterns for english, afrikaans, ancientgreek, ar
abic, armenian, assamese, basque, bengali, bokmal, bulgarian, catalan, coptic, 
croatian, czech, danish, dutch, esperanto, estonian, farsi, finnish, french, ga
lician, german, german-x-2012-05-30, greek, gujarati, hindi, hungarian, iceland
ic, indonesian, interlingua, irish, italian, kannada, kurmanji, latin, latvian,
 lithuanian, malayalam, marathi, mongolian, mongolianlmc, monogreek, ngerman, n
german-x-2012-05-30, nynorsk, oriya, panjabi, pinyin, polish, portuguese, roman
ian, russian, sanskrit, serbian, slovak, slovenian, spanish, swedish, swissgerm
an, tamil, telugu, turkish, turkmen, ukenglish, ukrainian, uppersorbian, usengl
ishmax, welsh, loaded.
(E:\MikTex\tex\latex\base\article.cls
Document Class: article 2007/10/19 v1.4h Standard LaTeX document class
(E:\MikTex\tex\latex\base\size12.clo
File: size12.clo 2007/10/19 v1.4h Standard LaTeX file (size option)
)
\c@part=\count79
\c@section=\count80
\c@subsection=\count81
\c@subsubsection=\count82
\c@paragraph=\count83
\c@subparagraph=\count84
\c@figure=\count85
\c@table=\count86
\abovecaptionskip=\skip41
\belowcaptionskip=\skip42
\bibindent=\dimen102
)
(E:\MikTex\tex\latex\preprint\fullpage.sty
Package: fullpage 1999/02/23 1.1 (PWD)
\FP@margin=\skip43
) (E:\MikTex\tex\latex\epsf\epsf.sty
This is `epsf.tex' v2.7.4 <14 February 2011>
\epsffilein=\read1
\epsfframemargin=\dimen103
\epsfframethickness=\dimen104
\epsfrsize=\dimen105
\epsftmp=\dimen106
\epsftsize=\dimen107
\epsfxsize=\dimen108
\epsfysize=\dimen109
\pspoints=\dimen110
) (E:\SHProject\SHProject\Report\RankingSystemReport.aux)
LaTeX Font Info:    Checking defaults for OML/cmm/m/it on input line 14.
LaTeX Font Info:    ... okay on input line 14.
LaTeX Font Info:    Checking defaults for T1/cmr/m/n on input line 14.
LaTeX Font Info:    ... okay on input line 14.
LaTeX Font Info:    Checking defaults for OT1/cmr/m/n on input line 14.
LaTeX Font Info:    ... okay on input line 14.
LaTeX Font Info:    Checking defaults for OMS/cmsy/m/n on input line 14.
LaTeX Font Info:    ... okay on input line 14.
LaTeX Font Info:    Checking defaults for OMX/cmex/m/n on input line 14.
LaTeX Font Info:    ... okay on input line 14.
LaTeX Font Info:    Checking defaults for U/cmr/m/n on input line 14.
LaTeX Font Info:    ... okay on input line 14.

(./images/crest.eps
)
(E:\SHProject\SHProject\Report\text\abstract.tex) [1

]
(E:\SHProject\SHProject\Report\RankingSystemReport.toc
LaTeX Font Info:    External font `cmex10' loaded for size
(Font)              <12> on input line 4.
LaTeX Font Info:    External font `cmex10' loaded for size
(Font)              <8> on input line 4.
LaTeX Font Info:    External font `cmex10' loaded for size
(Font)              <6> on input line 4.
)
\tf@toc=\write3
 [1]
(E:\SHProject\SHProject\Report\text\intro.tex [2])
(E:\SHProject\SHProject\Report\text\backgroundAndTheory.tex)
(E:\SHProject\SHProject\Report\text\method.tex [3]
LaTeX Font Info:    Try loading font information for OMS+cmr on input line 44.

(E:\MikTex\tex\latex\base\omscmr.fd
File: omscmr.fd 1999/05/25 v2.5h Standard LaTeX font definitions
)
LaTeX Font Info:    Font shape `OMS/cmr/m/n' in size <12> not available
(Font)              Font shape `OMS/cmsy/m/n' tried instead on input line 44.
 [4])
(E:\SHProject\SHProject\Report\text\results.tex
(./images/test.ps
)
) (E:\SHProject\SHProject\Report\text\conclusions.tex
Underfull \hbox (badness 10000) in paragraph at lines 52--5

 []


LaTeX Warning: `h' float specifier changed to `ht'.

[5]) [6] (E:\SHProject\SHProject\Report\RankingSystemReport.bbl
Missing character: There is no â in font cmr12!
Missing character: There is no „ in font cmr12!
Missing character: There is no ¢ in font cmr12!
Missing character: There is no â in font cmr12!
Missing character: There is no „ in font cmr12!
Missing character: There is no ¢ in font cmr12!

Underfull \hbox (badness 10000) in paragraph at lines 27--30
[]\OT1/cmr/m/n/12 Trueskill rank-ing sys-tem: De-tails.  http://research.micros
oft.com/en-
 []


Underfull \hbox (badness 5050) in paragraph at lines 32--35
[]\OT1/cmr/m/n/12 Computing your skill.  http://www.moserware.com/2010/03/compu
ting-your-
 []


Underfull \hbox (badness 1028) in paragraph at lines 37--40
[]\OT1/cmr/m/n/12 Allegskill.  http://www.freeallegiance.org/FAW/index.php/Alle
gSkill.  Ac-cessed:
 []


Overfull \hbox (140.58362pt too wide) in paragraph at lines 42--46
[]\OT1/cmr/m/n/12 The rank-ing sys-tem.  http://www.britishorienteering.org.uk/
images/uploaded/downloads/events[]appendix[]k.pdf.
 []

) [7] (E:\SHProject\SHProject\Report\RankingSystemReport.aux) ) 
Here is how much of TeX's memory you used:
 388 strings out of 493922
 5211 string characters out of 3154524
 56031 words of memory out of 3000000
 3714 multiletter control sequences out of 15000+200000
 10061 words of font info for 35 fonts, out of 3000000 for 9000
 841 hyphenation exceptions out of 8191
 23i,6n,21p,1227b,176s stack positions out of 5000i,500n,10000p,200000b,50000s

Output written on RankingSystemReport.dvi (8 pages, 22620 bytes).
